<?xml version="1.0" encoding="UTF-8"?>
<!-- Generated by org.testng.reporters.JUnitReportReporter -->
<testsuite hostname="Ertekins-Pro.home" failures="0" tests="1" name="Tests.LoginTest" time="4.353" errors="0" timestamp="11 Jul 2018 02:57:18 GMT" skipped="0">
  <testcase classname="Tests.LoginTest" name="loginPositive" time="4.353"/>
</testsuite> <!-- Tests.LoginTest -->
